<?xml version="1.0" encoding="UTF-8"?>
<testsuite name="com.moodanalyser.MoodAnalyserTest" tests="1" skipped="0" failures="0" errors="0" timestamp="2021-06-11T15:02:02" hostname="DESKTOP-3A5DM76" time="0.032">
  <properties/>
  <testcase name="givenSadMessageShouldReturnsSad()" classname="com.moodanalyser.MoodAnalyserTest" time="0.032"/>
  <system-out><![CDATA[]]></system-out>
  <system-err><![CDATA[]]></system-err>
</testsuite>
